<?xml version="1.0" encoding="UTF-8"?>
<!-- Generated by org.testng.reporters.JUnitReportReporter -->
<testsuite hostname="SRIKANTH-LAPTOP" name="com.CHAPTER1.LoginTest" tests="1" failures="0" timestamp="16 May 2018 15:12:50 GMT" time="6.886" errors="0">
  <testcase name="f" time="6.886" classname="com.CHAPTER1.LoginTest"/>
</testsuite> <!-- com.CHAPTER1.LoginTest -->
