<?xml version="1.0" encoding="UTF-8"?>
<!-- Generated by org.testng.reporters.JUnitReportReporter -->
<testsuite hostname="SRIKANTH-LAPTOP" name="Understanding.Understanding_Me" tests="1" failures="0" timestamp="16 May 2018 15:12:50 GMT" time="13.114" errors="0">
  <testcase name="f" time="13.114" classname="Understanding.Understanding_Me"/>
</testsuite> <!-- Understanding.Understanding_Me -->
