<?xml version="1.0" encoding="UTF-8"?>
<!-- Generated by org.testng.reporters.JUnitReportReporter -->
<testsuite hostname="SRIKANTH-LAPTOP" name="com.CHAPTER1.BingTest" tests="1" failures="0" timestamp="16 May 2018 15:12:50 GMT" time="8.084" errors="0">
  <testcase name="f" time="8.084" classname="com.CHAPTER1.BingTest"/>
</testsuite> <!-- com.CHAPTER1.BingTest -->
